


ARM Macro Assembler    Page 1 


    1 00000000                 AREA             RESET, CODE, READONLY
    2 00000000                 ENTRY
    3 00000000         
    4 00000000         start
    5 00000000 F04F 000A       MOV              R0, #10
    6 00000004 F04F 0114       MOV              R1, #20
    7 00000008 EB00 0201       ADD              R2, R0, R1
    8 0000000C         
    9 0000000C                 END
Command Line: --debug --xref --diag_suppress=9931 --cpu=Cortex-M3 --apcs=interw
ork --depend=.\objects\cvbhf.d -o.\objects\cvbhf.o -I.\RTE\_Target_1 -IC:\Keil_
v5\Packs\ARM\CMSIS\6.2.0\CMSIS\Core\Include -IC:\Keil_v5\Packs\ARM\Cortex_DFP\1
.1.0\Device\ARMCM3\Include --predefine="__EVAL SETA 1" --predefine="__UVISION_V
ERSION SETA 543" --predefine="ARMCM3 SETA 1" --predefine="_RTE_ SETA 1" --list=
.\listings\cvbhf.lst cvbhf.s



ARM Macro Assembler    Page 1 Alphabetic symbol ordering
Relocatable symbols

RESET 00000000

Symbol: RESET
   Definitions
      At line 1 in file cvbhf.s
   Uses
      None
Comment: RESET unused
start 00000000

Symbol: start
   Definitions
      At line 4 in file cvbhf.s
   Uses
      None
Comment: start unused
2 symbols
336 symbols in table
